<?xml version="1.0" encoding="utf-8"?><testsuites name="pytest tests"><testsuite name="pytest" errors="0" failures="0" skipped="0" tests="22" time="4.916" timestamp="2026-06-13T06:16:07.818399+00:00" hostname="agent-env-7e6af37a-2f05-4a08-876c-8c95640638c2"><testcase classname="backend.tests.test_iteration2.TestWaitlistReferral" name="test_signup_returns_referral_code_and_link" time="0.247" /><testcase classname="backend.tests.test_iteration2.TestWaitlistReferral" name="test_existing_email_returns_already_true" time="0.156" /><testcase classname="backend.tests.test_iteration2.TestWaitlistReferral" name="test_ref_param_increments_inviter_count" time="0.231" /><testcase classname="backend.tests.test_iteration2.TestWaitlistReferral" name="test_leaderboard_sorted_desc" time="0.142" /><testcase classname="backend.tests.test_iteration2.TestSearchSort" name="test_default_sort_newest" time="0.144" /><testcase classname="backend.tests.test_iteration2.TestSearchSort" name="test_sort_budget_desc" time="0.124" /><testcase classname="backend.tests.test_iteration2.TestSearchSort" name="test_sort_budget_asc" time="0.142" /><testcase classname="backend.tests.test_iteration2.TestSearchSort" name="test_sort_deadline" time="0.129" /><testcase classname="backend.tests.test_iteration2.TestSearchSort" name="test_search_q_case_insensitive" time="0.142" /><testcase classname="backend.tests.test_iteration2.TestSearchSort" name="test_search_no_match" time="0.092" /><testcase classname="backend.tests.test_iteration2.TestApplyAssigned" name="test_apply_open_returns_assigned_true" time="0.217" /><testcase classname="backend.tests.test_iteration2.TestApplyAssigned" name="test_apply_already_assigned_returns_false" time="0.291" /><testcase classname="backend.tests.test_iteration2.TestFileUpload" name="test_upload_no_auth_401" time="0.106" /><testcase classname="backend.tests.test_iteration2.TestFileUpload" name="test_upload_with_auth_success" time="0.279" /><testcase classname="backend.tests.test_iteration2.TestFileUpload" name="test_download_by_uploader" time="0.206" /><testcase classname="backend.tests.test_iteration2.TestFileUpload" name="test_download_unauthorized_403" time="0.098" /><testcase classname="backend.tests.test_iteration2.TestFileUpload" name="test_download_admin_allowed" time="0.203" /><testcase classname="backend.tests.test_iteration2.TestFileUpload" name="test_download_nonexistent_404" time="0.112" /><testcase classname="backend.tests.test_iteration2.TestFileUpload" name="test_upload_too_large_413" time="0.750" /><testcase classname="backend.tests.test_iteration2.TestSubmissionFileAndBadges" name="test_submission_persists_file_fields_and_badge_on_approve" time="0.721" /><testcase classname="backend.tests.test_iteration2.TestSubmissionFileAndBadges" name="test_badges_endpoint_returns_level" time="0.097" /><testcase classname="backend.tests.test_iteration2.TestSubmissionFileAndBadges" name="test_badges_no_auth_401" time="0.104" /></testsuite></testsuites>