<?xml version="1.0" encoding="utf-8"?><testsuites name="pytest tests"><testsuite name="pytest" errors="0" failures="0" skipped="0" tests="68" time="78.912" timestamp="2026-06-13T06:47:45.692025+00:00" hostname="agent-env-7e6af37a-2f05-4a08-876c-8c95640638c2"><testcase classname="tests.backend_test.TestPublic" name="test_root" time="0.133" /><testcase classname="tests.backend_test.TestPublic" name="test_seed_idempotent" time="0.093" /><testcase classname="tests.backend_test.TestPublic" name="test_tasks_public" time="0.087" /><testcase classname="tests.backend_test.TestPublic" name="test_waitlist_accepts" time="0.105" /><testcase classname="tests.backend_test.TestPublic" name="test_feedback_accepts" time="0.095" /><testcase classname="tests.backend_test.TestAuth" name="test_session_invalid" time="0.194" /><testcase classname="tests.backend_test.TestAuth" name="test_me_no_auth" time="0.106" /><testcase classname="tests.backend_test.TestAuth" name="test_me_with_bearer" time="0.099" /><testcase classname="tests.backend_test.TestAuth" name="test_me_with_cookie" time="0.092" /><testcase classname="tests.backend_test.TestWorker" name="test_list_open_tasks" time="0.089" /><testcase classname="tests.backend_test.TestWorker" name="test_apply_assigns_task" time="0.277" /><testcase classname="tests.backend_test.TestWorker" name="test_submit_work" time="0.197" /><testcase classname="tests.backend_test.TestWorker" name="test_list_my_submissions" time="0.104" /><testcase classname="tests.backend_test.TestClient" name="test_create_task" time="0.098" /><testcase classname="tests.backend_test.TestClient" name="test_list_mine_posted" time="0.098" /><testcase classname="tests.backend_test.TestClient" name="test_approve_flow" time="0.384" /><testcase classname="tests.backend_test.TestClient" name="test_reject_flow" time="0.487" /><testcase classname="tests.backend_test.TestAdmin" name="test_stats" time="0.096" /><testcase classname="tests.backend_test.TestAdmin" name="test_users_list" time="0.099" /><testcase classname="tests.backend_test.TestAdmin" name="test_update_role" time="0.091" /><testcase classname="tests.backend_test.TestAdmin" name="test_invalid_role" time="0.095" /><testcase classname="tests.backend_test.TestAdmin" name="test_mark_paid" time="0.099" /><testcase classname="tests.backend_test.TestAdmin" name="test_waitlist" time="0.088" /><testcase classname="tests.backend_test.TestAdmin" name="test_feedback" time="0.089" /><testcase classname="tests.backend_test.TestAdmin" name="test_non_admin_blocked" time="0.098" /><testcase classname="tests.backend_test.TestRoleEnforcement" name="test_worker_cannot_post_task" time="0.095" /><testcase classname="tests.backend_test.TestRoleEnforcement" name="test_client_cannot_apply" time="0.099" /><testcase classname="tests.backend_test.TestRoleEnforcement" name="test_worker_cannot_submit_others_task" time="0.096" /><testcase classname="tests.test_iteration2.TestWaitlistReferral" name="test_signup_returns_referral_code_and_link" time="11.310" /><testcase classname="tests.test_iteration2.TestWaitlistReferral" name="test_existing_email_returns_already_true" time="36.035" /><testcase classname="tests.test_iteration2.TestWaitlistReferral" name="test_ref_param_increments_inviter_count" time="0.230" /><testcase classname="tests.test_iteration2.TestWaitlistReferral" name="test_leaderboard_sorted_desc" time="0.095" /><testcase classname="tests.test_iteration2.TestSearchSort" name="test_default_sort_newest" time="0.108" /><testcase classname="tests.test_iteration2.TestSearchSort" name="test_sort_budget_desc" time="19.470" /><testcase classname="tests.test_iteration2.TestSearchSort" name="test_sort_budget_asc" time="0.117" /><testcase classname="tests.test_iteration2.TestSearchSort" name="test_sort_deadline" time="0.100" /><testcase classname="tests.test_iteration2.TestSearchSort" name="test_search_q_case_insensitive" time="0.105" /><testcase classname="tests.test_iteration2.TestSearchSort" name="test_search_no_match" time="0.104" /><testcase classname="tests.test_iteration2.TestApplyAssigned" name="test_apply_open_returns_assigned_true" time="0.244" /><testcase classname="tests.test_iteration2.TestApplyAssigned" name="test_apply_already_assigned_returns_false" time="0.297" /><testcase classname="tests.test_iteration2.TestFileUpload" name="test_upload_no_auth_401" time="0.090" /><testcase classname="tests.test_iteration2.TestFileUpload" name="test_upload_with_auth_success" time="0.305" /><testcase classname="tests.test_iteration2.TestFileUpload" name="test_download_by_uploader" time="1.216" /><testcase classname="tests.test_iteration2.TestFileUpload" name="test_download_unauthorized_403" time="0.098" /><testcase classname="tests.test_iteration2.TestFileUpload" name="test_download_admin_allowed" time="0.194" /><testcase classname="tests.test_iteration2.TestFileUpload" name="test_download_nonexistent_404" time="0.094" /><testcase classname="tests.test_iteration2.TestFileUpload" name="test_upload_too_large_413" time="0.939" /><testcase classname="tests.test_iteration2.TestSubmissionFileAndBadges" name="test_submission_persists_file_fields_and_badge_on_approve" time="0.737" /><testcase classname="tests.test_iteration2.TestSubmissionFileAndBadges" name="test_badges_endpoint_returns_level" time="0.093" /><testcase classname="tests.test_iteration2.TestSubmissionFileAndBadges" name="test_badges_no_auth_401" time="0.094" /><testcase classname="tests.test_iteration3.TestAuthMeReliability" name="test_me_returns_reliability_fields" time="0.091" /><testcase classname="tests.test_iteration3.TestAdminAnalytics" name="test_non_admin_blocked" time="0.089" /><testcase classname="tests.test_iteration3.TestAdminAnalytics" name="test_unauthenticated_401" time="0.119" /><testcase classname="tests.test_iteration3.TestAdminAnalytics" name="test_admin_returns_schema" time="0.096" /><testcase classname="tests.test_iteration3.TestPublicProfile" name="test_unauthenticated_401" time="0.095" /><testcase classname="tests.test_iteration3.TestPublicProfile" name="test_returns_reliability_snapshot" time="0.097" /><testcase classname="tests.test_iteration3.TestPublicProfile" name="test_unknown_user_404" time="0.097" /><testcase classname="tests.test_iteration3.TestTaskCreateValidation" name="test_title_too_short" time="0.146" /><testcase classname="tests.test_iteration3.TestTaskCreateValidation" name="test_budget_zero" time="0.097" /><testcase classname="tests.test_iteration3.TestTaskCreateValidation" name="test_past_deadline" time="0.090" /><testcase classname="tests.test_iteration3.TestTaskCreateValidation" name="test_invalid_category" time="0.094" /><testcase classname="tests.test_iteration3.TestTaskCreateValidation" name="test_description_too_short" time="0.086" /><testcase classname="tests.test_iteration3.TestSubmissionValidation" name="test_text_too_short" time="0.292" /><testcase classname="tests.test_iteration3.TestReReview" name="test_cannot_re_review" time="0.479" /><testcase classname="tests.test_iteration3.TestReliabilityFlow" name="test_apply_increments_accepted_and_approve_increments_completed_on_time" time="0.406" /><testcase classname="tests.test_iteration3.TestReliabilityFlow" name="test_reject_increments_rejected" time="0.375" /><testcase classname="tests.test_iteration3.TestSeed" name="test_seed_idempotent_noop" time="0.093" /><testcase classname="tests.test_iteration3.TestSeed" name="test_counts_match_spec" time="0.004" /></testsuite></testsuites>