<?xml version="1.0" encoding="utf-8"?><testsuites name="pytest tests"><testsuite name="pytest" errors="0" failures="0" skipped="0" tests="28" time="4.660" timestamp="2026-06-13T05:57:53.145621+00:00" hostname="agent-env-7e6af37a-2f05-4a08-876c-8c95640638c2"><testcase classname="backend.tests.backend_test.TestPublic" name="test_root" time="0.281" /><testcase classname="backend.tests.backend_test.TestPublic" name="test_seed_idempotent" time="0.095" /><testcase classname="backend.tests.backend_test.TestPublic" name="test_tasks_public" time="0.133" /><testcase classname="backend.tests.backend_test.TestPublic" name="test_waitlist_accepts" time="0.143" /><testcase classname="backend.tests.backend_test.TestPublic" name="test_feedback_accepts" time="0.165" /><testcase classname="backend.tests.backend_test.TestAuth" name="test_session_invalid" time="0.260" /><testcase classname="backend.tests.backend_test.TestAuth" name="test_me_no_auth" time="0.094" /><testcase classname="backend.tests.backend_test.TestAuth" name="test_me_with_bearer" time="0.118" /><testcase classname="backend.tests.backend_test.TestAuth" name="test_me_with_cookie" time="0.133" /><testcase classname="backend.tests.backend_test.TestWorker" name="test_list_open_tasks" time="0.131" /><testcase classname="backend.tests.backend_test.TestWorker" name="test_apply_assigns_task" time="0.297" /><testcase classname="backend.tests.backend_test.TestWorker" name="test_submit_work" time="0.208" /><testcase classname="backend.tests.backend_test.TestWorker" name="test_list_my_submissions" time="0.103" /><testcase classname="backend.tests.backend_test.TestClient" name="test_create_task" time="0.094" /><testcase classname="backend.tests.backend_test.TestClient" name="test_list_mine_posted" time="0.099" /><testcase classname="backend.tests.backend_test.TestClient" name="test_approve_flow" time="0.446" /><testcase classname="backend.tests.backend_test.TestClient" name="test_reject_flow" time="0.476" /><testcase classname="backend.tests.backend_test.TestAdmin" name="test_stats" time="0.107" /><testcase classname="backend.tests.backend_test.TestAdmin" name="test_users_list" time="0.098" /><testcase classname="backend.tests.backend_test.TestAdmin" name="test_update_role" time="0.095" /><testcase classname="backend.tests.backend_test.TestAdmin" name="test_invalid_role" time="0.094" /><testcase classname="backend.tests.backend_test.TestAdmin" name="test_mark_paid" time="0.094" /><testcase classname="backend.tests.backend_test.TestAdmin" name="test_waitlist" time="0.095" /><testcase classname="backend.tests.backend_test.TestAdmin" name="test_feedback" time="0.099" /><testcase classname="backend.tests.backend_test.TestAdmin" name="test_non_admin_blocked" time="0.095" /><testcase classname="backend.tests.backend_test.TestRoleEnforcement" name="test_worker_cannot_post_task" time="0.103" /><testcase classname="backend.tests.backend_test.TestRoleEnforcement" name="test_client_cannot_apply" time="0.100" /><testcase classname="backend.tests.backend_test.TestRoleEnforcement" name="test_worker_cannot_submit_others_task" time="0.109" /></testsuite></testsuites>